c:\users\administrator\desktop\earth end\hdevstdlib\release\vc120.pdb
c:\users\administrator\desktop\earth end\hdevstdlib\release\dx.obj
c:\users\administrator\desktop\earth end\hdevstdlib\release\main.obj
c:\users\administrator\desktop\earth end\hdevstdlib\release\dxvertexshader.obj
c:\users\administrator\desktop\earth end\hdevstdlib\release\dxpixelshader.obj
c:\users\administrator\desktop\earth end\hdevstdlib\release\dxparticle.obj
c:\users\administrator\desktop\earth end\hdevstdlib\release\dx3dscreen.obj
c:\users\administrator\desktop\earth end\hdevstdlib\release\dxlineweb.obj
c:\users\administrator\desktop\earth end\hdevstdlib\release\dxmouse.obj
c:\users\administrator\desktop\earth end\hdevstdlib\release\dxmesh.obj
c:\users\administrator\desktop\earth end\hdevstdlib\release\dxmaterial.obj
c:\users\administrator\desktop\earth end\hdevstdlib\release\dxkeyboard.obj
c:\users\administrator\desktop\earth end\hdevstdlib\release\dxcamera.obj
c:\users\administrator\desktop\earth end\release\hdevstdlib.lib
c:\users\administrator\desktop\earth end\release\hdevstdlib.exp
c:\users\administrator\desktop\earth end\release\hdevstdlib.dll
c:\users\administrator\desktop\earth end\release\hdevstdlib.pdb
c:\users\administrator\desktop\earth end\hdevstdlib\release\hdevstdlib.tlog\cl.command.1.tlog
c:\users\administrator\desktop\earth end\hdevstdlib\release\hdevstdlib.tlog\cl.read.1.tlog
c:\users\administrator\desktop\earth end\hdevstdlib\release\hdevstdlib.tlog\cl.write.1.tlog
c:\users\administrator\desktop\earth end\hdevstdlib\release\hdevstdlib.tlog\hdevstdlib.write.1u.tlog
c:\users\administrator\desktop\earth end\hdevstdlib\release\hdevstdlib.tlog\lib-link.read.1.tlog
c:\users\administrator\desktop\earth end\hdevstdlib\release\hdevstdlib.tlog\lib-link.write.1.tlog
c:\users\administrator\desktop\earth end\hdevstdlib\release\hdevstdlib.tlog\lib.command.1.tlog
c:\users\administrator\desktop\earth end\hdevstdlib\release\hdevstdlib.tlog\link.command.1.tlog
c:\users\administrator\desktop\earth end\hdevstdlib\release\hdevstdlib.tlog\link.read.1.tlog
c:\users\administrator\desktop\earth end\hdevstdlib\release\hdevstdlib.tlog\link.write.1.tlog
