빌드 시작: 2015-11-09 오후 11:13:13
     1>2 노드의 "C:\Users\Administrator\Desktop\earth end\earth\earth.vcxproj" 프로젝트(Build 대상)입니다.
     1>Link:
         C:\Program Files (x86)\Microsoft Visual Studio 12.0\VC\bin\link.exe /ERRORREPORT:PROMPT /OUT:"C:\Users\Administrator\Desktop\earth end\Release\earth.exe" /INCREMENTAL:NO /NOLOGO winmm.lib d3d9.lib d3dx9.lib dinput8.lib dxguid.lib kernel32.lib user32.lib gdi32.lib winspool.lib comdlg32.lib advapi32.lib shell32.lib ole32.lib oleaut32.lib uuid.lib odbc32.lib odbccp32.lib /MANIFEST /MANIFESTUAC:"level='asInvoker' uiAccess='false'" /manifest:embed /DEBUG /PDB:"C:\Users\Administrator\Desktop\earth end\Release\earth.pdb" /SUBSYSTEM:WINDOWS /OPT:REF /OPT:ICF /LTCG /TLBID:1 /DYNAMICBASE /NXCOMPAT /IMPLIB:"C:\Users\Administrator\Desktop\earth end\Release\earth.lib" /MACHINE:X86 /SAFESEH Release\cosmos.obj
         "Release\cosmos_pattern-camera.obj"
         "Release\cosmos_pattern-input.obj"
         Release\cosmos_pattern_sw.obj
         Release\cosmos_pattern_sw_sun.obj
         Release\cosmos_pattern_web.obj
         Release\cosmos_pattern_planet.obj
         Release\cosmos_pattern.obj
         Release\main.obj
         Release\cosmos_pattern_sw_earth.obj
         Release\cosmos_pattern_factory.obj
            C:\Users\Administrator\Desktop\earth end\Release\earth.lib 라이브러리 및 C:\Users\Administrator\Desktop\earth end\Release\earth.exp 개체를 생성하고 있습니다.
         코드를 생성하고 있습니다.
         코드를 생성했습니다.
         earth.vcxproj -> C:\Users\Administrator\Desktop\earth end\Release\earth.exe
     1>"C:\Users\Administrator\Desktop\earth end\earth\earth.vcxproj" 프로젝트를 빌드했습니다(Build 대상).

빌드했습니다.

경과 시간: 00:00:01.96
